[22:19:19] [main/INFO] (FabricLoader/GameProvider) Loading Minecraft 1.20.1 with Fabric Loader 0.16.10
[22:19:19] [main/INFO] (FabricLoader) Loading 94 mods:
	- cloth-basic-math 0.6.1
	- cloth-config 11.1.136
	- create 0.5.1-j-build.1631+mc1.20.1
	- create_tools_n_weapons 1.1.0-1.20.1
	- dripstone_fluid_lib 3.0.2
	- fabric-api 0.92.4+1.20.1
	- fabric-api-base 0.4.32+1802ada577
	- fabric-api-lookup-api-v1 1.6.37+1802ada577
	- fabric-biome-api-v1 13.0.14+1802ada577
	- fabric-block-api-v1 1.0.12+1802ada577
	- fabric-block-view-api-v2 1.0.2+1802ada577
	- fabric-blockrenderlayer-v1 1.1.42+1802ada577
	- fabric-client-tags-api-v1 1.1.3+1802ada577
	- fabric-command-api-v1 1.2.35+f71b366f77
	- fabric-command-api-v2 2.2.14+1802ada577
	- fabric-commands-v0 0.2.52+df3654b377
	- fabric-containers-v0 0.1.66+df3654b377
	- fabric-content-registries-v0 4.0.13+1802ada577
	- fabric-convention-tags-v1 1.5.6+1802ada577
	- fabric-crash-report-info-v1 0.2.20+1802ada577
	- fabric-data-attachment-api-v1 1.0.2+de0fd6d177
	- fabric-data-generation-api-v1 12.3.6+1802ada577
	- fabric-dimensions-v1 2.1.55+1802ada577
	- fabric-entity-events-v1 1.6.1+1c78457f77
	- fabric-events-interaction-v0 0.6.4+13a40c6677
	- fabric-events-lifecycle-v0 0.2.64+df3654b377
	- fabric-game-rule-api-v1 1.0.41+1802ada577
	- fabric-gametest-api-v1 1.2.15+1802ada577
	- fabric-item-api-v1 2.1.29+1802ada577
	- fabric-item-group-api-v1 4.0.14+1802ada577
	- fabric-key-binding-api-v1 1.0.38+1802ada577
	- fabric-keybindings-v0 0.2.36+df3654b377
	- fabric-lifecycle-events-v1 2.2.23+1802ada577
	- fabric-loot-api-v2 1.2.3+1802ada577
	- fabric-loot-tables-v1 1.1.47+9e7660c677
	- fabric-message-api-v1 5.1.10+1802ada577
	- fabric-mining-level-api-v1 2.1.52+1802ada577
	- fabric-model-loading-api-v1 1.0.4+1802ada577
	- fabric-models-v0 0.4.3+9386d8a777
	- fabric-networking-api-v1 1.3.13+13a40c6677
	- fabric-networking-v0 0.3.53+df3654b377
	- fabric-object-builder-api-v1 11.1.5+e35120df77
	- fabric-particles-v1 1.1.3+1802ada577
	- fabric-recipe-api-v1 1.0.23+1802ada577
	- fabric-registry-sync-v0 2.3.5+1802ada577
	- fabric-renderer-api-v1 3.2.2+1802ada577
	- fabric-renderer-indigo 1.5.3+85287f9f77
	- fabric-renderer-registries-v1 3.2.47+df3654b377
	- fabric-rendering-data-attachment-v1 0.3.38+92a0d36777
	- fabric-rendering-fluids-v1 3.0.29+1802ada577
	- fabric-rendering-v0 1.1.50+df3654b377
	- fabric-rendering-v1 3.0.9+1802ada577
	- fabric-resource-conditions-api-v1 2.3.9+1802ada577
	- fabric-resource-loader-v0 0.11.12+fb82e9d777
	- fabric-screen-api-v1 2.0.9+1802ada577
	- fabric-screen-handler-api-v1 1.3.32+1802ada577
	- fabric-sound-api-v1 1.0.14+1802ada577
	- fabric-transfer-api-v1 3.3.6+8dd72ea377
	- fabric-transitive-access-wideners-v1 4.3.2+1802ada577
	- fabricloader 0.16.10
	- flywheel 0.6.11-4
	- forgeconfigapiport 8.0.0
	- java 17
	- milk 1.2.60
	- minecraft 1.20.1
	- mixinextras 0.4.1
	- modmenu 7.1.0
	- porting_lib_accessors 2.3.8+1.20.1
	- porting_lib_attributes 2.3.8+1.20.1
	- porting_lib_base 2.3.8+1.20.1
	- porting_lib_brewing 2.3.8+1.20.1
	- porting_lib_client_events 2.3.8+1.20.1
	- porting_lib_common 2.3.8+1.20.1
	- porting_lib_config 2.3.8+1.20.1
	- porting_lib_core 2.3.8+1.20.1
	- porting_lib_data 2.1.1090+1.20
	- porting_lib_entity 2.3.8+1.20.1
	- porting_lib_extensions 2.3.8+1.20.1
	- porting_lib_fluids 2.3.8+1.20.1
	- porting_lib_gui_utils 2.3.8+1.20.1
	- porting_lib_lazy_registration 2.3.8+1.20.1
	- porting_lib_mixin_extensions 2.3.8+1.20.1
	- porting_lib_model_generators 2.1.1090+1.20
	- porting_lib_model_loader 2.3.8+1.20.1
	- porting_lib_model_materials 2.1.1090+1.20
	- porting_lib_models 2.3.8+1.20.1
	- porting_lib_networking 2.3.8+1.20.1
	- porting_lib_obj_loader 2.3.8+1.20.1
	- porting_lib_tags 3.0
	- porting_lib_tool_actions 2.3.8+1.20.1
	- porting_lib_transfer 2.3.8+1.20.1
	- porting_lib_utility 2.3.8+1.20.1
	- reach-entity-attributes 2.4.0
	- registrate-fabric 1.3.79-MC1.20.1
[22:19:19] [main/INFO] (FabricLoader/Mixin) SpongePowered MIXIN Subsystem Version=0.8.7 Source=file:/C:/Users/Deokma/.gradle/caches/modules-2/files-2.1/net.fabricmc/sponge-mixin/0.15.4+mixin.0.8.7/6a12aacc794f1078458433116e9ed42c1cc98096/sponge-mixin-0.15.4+mixin.0.8.7.jar Service=Knot/Fabric Env=CLIENT
[22:19:19] [main/INFO] (FabricLoader/Mixin) Loaded Fabric development mappings for mixin remapper!
[22:19:19] [main/INFO] (FabricLoader/Mixin) Compatibility level set to JAVA_17
[22:19:20] [main/WARN] (FabricLoader/Mixin) Error loading class: io/vram/frex/base/renderer/context/render/EntityBlockRenderContext (java.lang.ClassNotFoundException: io/vram/frex/base/renderer/context/render/EntityBlockRenderContext)
[22:19:20] [main/WARN] (FabricLoader/Mixin) @Mixin target io.vram.frex.base.renderer.context.render.EntityBlockRenderContext was not found porting_lib_base.mixins.json:client.frex.EntityBlockRenderContextMixin from mod porting_lib_base
[22:19:20] [main/INFO] (FabricLoader/MixinExtras|Service) Initializing MixinExtras via com.llamalad7.mixinextras.service.MixinExtrasServiceImpl(version=0.4.1).
[22:19:26] [Datafixer Bootstrap/INFO] (Minecraft) 188 Datafixer optimizations took 149 milliseconds
[22:19:27] [Render thread/INFO] (Minecraft) Environment: authHost='https://authserver.mojang.com', accountsHost='https://api.mojang.com', sessionHost='https://sessionserver.mojang.com', servicesHost='https://api.minecraftservices.com', name='PROD'
[22:19:29] [Render thread/ERROR] (Minecraft) Failed to verify authentication
com.mojang.authlib.exceptions.InvalidCredentialsException: Status: 401
	at com.mojang.authlib.exceptions.MinecraftClientHttpException.toAuthenticationException(MinecraftClientHttpException.java:56) ~[authlib-4.0.43.jar:?]
	at com.mojang.authlib.yggdrasil.YggdrasilUserApiService.fetchProperties(YggdrasilUserApiService.java:156) ~[authlib-4.0.43.jar:?]
	at com.mojang.authlib.yggdrasil.YggdrasilUserApiService.<init>(YggdrasilUserApiService.java:55) ~[authlib-4.0.43.jar:?]
	at com.mojang.authlib.yggdrasil.YggdrasilAuthenticationService.createUserApiService(YggdrasilAuthenticationService.java:124) ~[authlib-4.0.43.jar:?]
	at net.minecraft.client.MinecraftClient.createUserApiService(MinecraftClient.java:733) ~[minecraft-merged-a4888ba2fd-1.20.1-net.fabricmc.yarn.1_20_1.1.20.1+build.10-v2.jar:?]
	at net.minecraft.client.MinecraftClient.<init>(MinecraftClient.java:442) ~[minecraft-merged-a4888ba2fd-1.20.1-net.fabricmc.yarn.1_20_1.1.20.1+build.10-v2.jar:?]
	at net.minecraft.client.main.Main.main(Main.java:211) ~[minecraft-merged-a4888ba2fd-1.20.1-net.fabricmc.yarn.1_20_1.1.20.1+build.10-v2.jar:?]
	at net.fabricmc.loader.impl.game.minecraft.MinecraftGameProvider.launch(MinecraftGameProvider.java:480) ~[fabric-loader-0.16.10.jar:?]
	at net.fabricmc.loader.impl.launch.knot.Knot.launch(Knot.java:74) ~[fabric-loader-0.16.10.jar:?]
	at net.fabricmc.loader.impl.launch.knot.KnotClient.main(KnotClient.java:23) ~[fabric-loader-0.16.10.jar:?]
	at net.fabricmc.devlaunchinjector.Main.main(Main.java:86) ~[dev-launch-injector-0.2.1+build.8.jar:?]
Caused by: com.mojang.authlib.exceptions.MinecraftClientHttpException: Status: 401
	at com.mojang.authlib.minecraft.client.MinecraftClient.readInputStream(MinecraftClient.java:85) ~[authlib-4.0.43.jar:?]
	at com.mojang.authlib.minecraft.client.MinecraftClient.get(MinecraftClient.java:48) ~[authlib-4.0.43.jar:?]
	at com.mojang.authlib.yggdrasil.YggdrasilUserApiService.fetchProperties(YggdrasilUserApiService.java:129) ~[authlib-4.0.43.jar:?]
	... 9 more
[22:19:29] [Render thread/INFO] (Minecraft) Setting user: Player55
[22:19:29] [Render thread/INFO] (CreateToolsNWeaponsMod) Initializing CreateToolsNWeaponsMod
[22:19:31] [Render thread/INFO] (Indigo) [Indigo] Registering Indigo renderer!
[22:19:31] [Render thread/INFO] (Backend) No shaders mod detected.
[22:19:32] [Worker-Main-1/INFO] (Mod Menu/Update Checker) Checking mod updates...
[22:19:32] [Render thread/INFO] (Minecraft) Backend library: LWJGL version 3.3.1 SNAPSHOT
[22:19:33] [Render thread/INFO] (Minecraft) Reloading ResourceManager: vanilla, fabric (fabric-block-view-api-v2, porting_lib_lazy_registration, porting_lib_utility, fabric-blockrenderlayer-v1, fabric-gametest-api-v1, porting_lib_tags, fabric-mining-level-api-v1, porting_lib_transfer, porting_lib_base, fabric-rendering-data-attachment-v1, fabric-networking-api-v1, fabric-command-api-v1, fabric-keybindings-v0, fabric-commands-v0, fabric-registry-sync-v0, create_tools_n_weapons, porting_lib_gui_utils, fabric-client-tags-api-v1, fabric-transitive-access-wideners-v1, porting_lib_config, porting_lib_tool_actions, fabric-screen-api-v1, fabric-item-group-api-v1, fabric-item-api-v1, fabric-api-base, porting_lib_model_materials, porting_lib_model_loader, fabric-message-api-v1, fabric-rendering-fluids-v1, fabric-resource-conditions-api-v1, fabric-transfer-api-v1, fabric-loot-api-v2, fabric-api-lookup-api-v1, fabric-block-api-v1, fabric-sound-api-v1, porting_lib_data, reach-entity-attributes, porting_lib_obj_loader, fabric-object-builder-api-v1, fabric-biome-api-v1, dripstone_fluid_lib, create, fabric-models-v0, fabric-content-registries-v0, fabric-events-lifecycle-v0, milk, fabric-renderer-indigo, porting_lib_entity, porting_lib_networking, porting_lib_mixin_extensions, porting_lib_extensions, porting_lib_core, fabric-entity-events-v1, porting_lib_models, fabric-data-attachment-api-v1, fabric-crash-report-info-v1, fabric-dimensions-v1, porting_lib_fluids, porting_lib_model_generators, forgeconfigapiport, fabric-data-generation-api-v1, porting_lib_brewing, fabric-convention-tags-v1, fabric-events-interaction-v0, fabric-recipe-api-v1, fabric-command-api-v2, fabric-particles-v1, fabric-renderer-registries-v1, porting_lib_attributes, fabric-rendering-v1, porting_lib_common, flywheel, porting_lib_client_events, fabric-containers-v0, fabric-resource-loader-v0, fabric-rendering-v0, registrate-fabric, fabric-model-loading-api-v1, fabric-key-binding-api-v1, fabric-renderer-api-v1, cloth-config, modmenu, fabric-loot-tables-v1, fabricloader, fabric-screen-handler-api-v1, fabric-lifecycle-events-v1, fabric-game-rule-api-v1, fabric-networking-v0, fabric-api, porting_lib_accessors)
[22:19:33] [Worker-Main-7/INFO] (Minecraft) Found unifont_all_no_pua-15.0.06.hex, loading
[22:19:34] [Realms Notification Availability checker #1/INFO] (Minecraft) Could not authorize you against Realms server: Invalid session id
[22:19:36] [Render thread/WARN] (Minecraft) Missing sound for event: minecraft:item.goat_horn.play
[22:19:36] [Render thread/WARN] (Minecraft) Missing sound for event: minecraft:entity.goat.screaming.horn_break
[22:19:36] [Render thread/INFO] (Minecraft) OpenAL initialized on device OpenAL Soft on Headphones (4- QCY-T13 Stereo)
[22:19:36] [Render thread/INFO] (Minecraft) Sound engine started
[22:19:36] [Render thread/INFO] (Minecraft) Created: 2048x1024x4 minecraft:textures/atlas/blocks.png-atlas
[22:19:36] [Render thread/INFO] (Minecraft) Created: 256x256x4 minecraft:textures/atlas/signs.png-atlas
[22:19:36] [Render thread/INFO] (Minecraft) Created: 512x512x4 minecraft:textures/atlas/shield_patterns.png-atlas
[22:19:36] [Render thread/INFO] (Minecraft) Created: 512x512x4 minecraft:textures/atlas/banner_patterns.png-atlas
[22:19:36] [Render thread/INFO] (Minecraft) Created: 1024x1024x4 minecraft:textures/atlas/armor_trims.png-atlas
[22:19:36] [Render thread/INFO] (Minecraft) Created: 128x64x4 minecraft:textures/atlas/decorated_pot.png-atlas
[22:19:36] [Render thread/INFO] (Minecraft) Created: 256x256x4 minecraft:textures/atlas/chest.png-atlas
[22:19:36] [Render thread/INFO] (Minecraft) Created: 512x256x4 minecraft:textures/atlas/shulker_boxes.png-atlas
[22:19:36] [Render thread/INFO] (Minecraft) Created: 512x256x4 minecraft:textures/atlas/beds.png-atlas
[22:19:36] [Render thread/WARN] (Minecraft) Shader rendertype_entity_translucent_emissive could not find sampler named Sampler2 in the specified shader program.
[22:19:37] [Render thread/INFO] (Minecraft) Created: 512x256x0 minecraft:textures/atlas/particles.png-atlas
[22:19:37] [Render thread/INFO] (Minecraft) Created: 256x256x0 minecraft:textures/atlas/paintings.png-atlas
[22:19:37] [Render thread/INFO] (Minecraft) Created: 128x128x0 minecraft:textures/atlas/mob_effects.png-atlas
[22:19:37] [Render thread/INFO] (Create) Loaded 51 train hat configurations.
[22:19:37] [Render thread/INFO] (Backend) Loaded all shader sources.
[22:20:00] [Render thread/INFO] (Minecraft) Loaded 22 recipes
[22:20:00] [Render thread/INFO] (Minecraft) Loaded 2280 advancements
[22:20:01] [Render thread/INFO] (BiomeModificationImpl) Applied 111 biome modifications to 58 of 64 new biomes in 7.485 ms
[22:20:01] [Server thread/INFO] (Minecraft) Starting integrated minecraft server version 1.20.1
[22:20:01] [Server thread/INFO] (Minecraft) Generating keypair
[22:20:02] [Server thread/INFO] (Minecraft) Preparing start region for dimension minecraft:overworld
[22:20:04] [Render thread/INFO] (Minecraft) Preparing spawn area: 0%
[22:20:04] [Render thread/INFO] (Minecraft) Preparing spawn area: 0%
[22:20:04] [Render thread/INFO] (Minecraft) Preparing spawn area: 0%
[22:20:04] [Render thread/INFO] (Minecraft) Preparing spawn area: 0%
[22:20:04] [Render thread/INFO] (Minecraft) Preparing spawn area: 0%
[22:20:05] [Render thread/INFO] (Minecraft) Preparing spawn area: 84%
[22:20:05] [Render thread/INFO] (Minecraft) Time elapsed: 2568 ms
[22:20:05] [Server thread/INFO] (Minecraft) Changing view distance to 12, from 10
[22:20:05] [Server thread/INFO] (Minecraft) Changing simulation distance to 12, from 0
[22:20:05] [Server thread/INFO] (Minecraft) Player55[local:E:3c377069] logged in with entity id 130 at (393.39735256956266, 137.7904356137867, 385.12117135651874)
[22:20:06] [Server thread/INFO] (Minecraft) Player55 joined the game
[22:20:06] [Server thread/INFO] (Minecraft) Player55 has made the advancement [Stone Age]
[22:20:06] [Render thread/INFO] (BatchExecutor) Started 6 worker threads
[22:20:06] [Render thread/INFO] (Minecraft) [System] [CHAT] Player55 has made the advancement [Stone Age]
[22:20:06] [Render thread/INFO] (Minecraft) Loaded 117 advancements
[22:20:32] [Server thread/INFO] (Minecraft) Saving and pausing game...
[22:20:32] [Server thread/INFO] (Minecraft) Saving chunks for level 'ServerLevel[New World]'/minecraft:overworld
[22:20:32] [Server thread/INFO] (Minecraft) Saving chunks for level 'ServerLevel[New World]'/minecraft:the_end
[22:20:32] [Server thread/INFO] (Minecraft) Saving chunks for level 'ServerLevel[New World]'/minecraft:the_nether
[22:20:32] [Server thread/INFO] (Minecraft) Player55 lost connection: Disconnected
[22:20:32] [Server thread/INFO] (Minecraft) Player55 left the game
[22:20:32] [Server thread/INFO] (Minecraft) Stopping singleplayer server as player logged out
[22:20:32] [Server thread/INFO] (Minecraft) Stopping server
[22:20:32] [Server thread/INFO] (Minecraft) Saving players
[22:20:32] [Server thread/INFO] (Minecraft) Saving worlds
[22:20:33] [Server thread/INFO] (Minecraft) Saving chunks for level 'ServerLevel[New World]'/minecraft:overworld
[22:20:34] [Server thread/INFO] (Minecraft) Saving chunks for level 'ServerLevel[New World]'/minecraft:the_end
[22:20:34] [Server thread/INFO] (Minecraft) Saving chunks for level 'ServerLevel[New World]'/minecraft:the_nether
[22:20:34] [Server thread/INFO] (Minecraft) ThreadedAnvilChunkStorage (New World): All chunks are saved
[22:20:34] [Server thread/INFO] (Minecraft) ThreadedAnvilChunkStorage (DIM1): All chunks are saved
[22:20:34] [Server thread/INFO] (Minecraft) ThreadedAnvilChunkStorage (DIM-1): All chunks are saved
[22:20:34] [Server thread/INFO] (Minecraft) ThreadedAnvilChunkStorage: All dimensions are saved
